<?xml version="1.0" encoding="UTF-8"?>
<!-- Generated by org.testng.reporters.JUnitReportReporter -->
<testsuite hostname="HARSHITA" failures="0" tests="1" name="handlingFailedTestCases.TestCase1" time="0.007" errors="0" timestamp="01 Sep 2018 17:47:27 GMT" skipped="0">
  <testcase classname="handlingFailedTestCases.TestCase1" name="TestApple" time="0.007"/>
</testsuite> <!-- handlingFailedTestCases.TestCase1 -->
