<?xml version="1.0" encoding="UTF-8"?>
<!-- Generated by org.testng.reporters.JUnitReportReporter -->
<testsuite hostname="HARSHITA" failures="0" tests="1" name="handlingFailedTestCases.TestCase3" time="0.002" errors="0" timestamp="01 Sep 2018 17:47:27 GMT" skipped="0">
  <testcase classname="handlingFailedTestCases.TestCase3" name="TestEbay" time="0.002"/>
</testsuite> <!-- handlingFailedTestCases.TestCase3 -->
